[32mINFO[0m: {"time_stamp":"2024-07-25 14:21:34","message":"Database connected","file_name":"postgres.go","function_name":"postgres.NewDb","line":36,"ID":null}
[32mINFO[0m: {"time_stamp":"2024-07-25 14:21:34","message":"Redis connected","file_name":"redis.go","function_name":"redis.NewRedisClient","line":27,"ID":null}
[32mINFO[0m: {"time_stamp":"2024-07-25 14:22:52","message":"map[request:\u0026{Method:GET URL:https://www.meteosource.com//api/v1/free/point?key=wobdjzm7susuborwhjtshwa262jjj18rlf5j9r4l\u0026language=en\u0026lat=-6.2049323629729605\u0026lon=106.80407555586923\u0026sections=current\u0026timezone=Asia%2FJakarta\u0026units=auto Proto:HTTP/1.1 ProtoMajor:1 ProtoMinor:1 Header:map[] Body:{} GetBody:0x702fe0 ContentLength:0 TransferEncoding:[] Close:false Host:www.meteosource.com Form:map[] PostForm:map[] MultipartForm:\u003cnil\u003e Trailer:map[] RemoteAddr: RequestURI: TLS:\u003cnil\u003e Cancel:\u003cnil\u003e Response:\u003cnil\u003e ctx:0xc000245ea0 pat:\u003cnil\u003e matches:[] otherValues:map[]} response:{Status:200 Headers:map[Cache-Control:[private] Content-Type:[application/json] Date:[Thu, 25 Jul 2024 07:22:52 GMT] Expires:[Thu, 25 Jul 2024 07:30:00 GMT] Server:[nginx/1.24.0] Set-Cookie:[HCLBSTICKY=0912dce53ce1d494c0771a3a33ebbf83|ZqH9T|ZqH9T; path=/] X-Cache-Status:[MISS] X-Request-Time:[0.075]] Body:[123 34 108 97 116 34 58 34 54 46 50 48 52 57 51 50 51 54 50 57 55 50 57 54 48 53 83 34 44 34 108 111 110 34 58 34 49 48 54 46 56 48 52 48 55 53 53 53 53 56 54 57 50 51 69 34 44 34 101 108 101 118 97 116 105 111 110 34 58 49 52 44 34 116 105 109 101 122 111 110 101 34 58 34 65 115 105 97 47 74 97 107 97 114 116 97 34 44 34 117 110 105 116 115 34 58 34 109 101 116 114 105 99 34 44 34 99 117 114 114 101 110 116 34 58 123 34 105 99 111 110 34 58 34 109 111 115 116 108 121 95 99 108 111 117 100 121 34 44 34 105 99 111 110 95 110 117 109 34 58 53 44 34 115 117 109 109 97 114 121 34 58 34 77 111 115 116 108 121 32 99 108 111 117 100 121 34 44 34 116 101 109 112 101 114 97 116 117 114 101 34 58 51 51 46 53 44 34 119 105 110 100 34 58 123 34 115 112 101 101 100 34 58 50 46 55 44 34 97 110 103 108 101 34 58 51 44 34 100 105 114 34 58 34 78 34 125 44 34 112 114 101 99 105 112 105 116 97 116 105 111 110 34 58 123 34 116 111 116 97 108 34 58 48 46 48 44 34 116 121 112 101 34 58 34 110 111 110 101 34 125 44 34 99 108 111 117 100 95 99 111 118 101 114 34 58 53 53 125 44 34 104 111 117 114 108 121 34 58 110 117 108 108 44 34 100 97 105 108 121 34 58 110 117 108 108 125]} response body:{\"lat\":\"6.2049323629729605S\",\"lon\":\"106.80407555586923E\",\"elevation\":14,\"timezone\":\"Asia/Jakarta\",\"units\":\"metric\",\"current\":{\"icon\":\"mostly_cloudy\",\"icon_num\":5,\"summary\":\"Mostly cloudy\",\"temperature\":33.5,\"wind\":{\"speed\":2.7,\"angle\":3,\"dir\":\"N\"},\"precipitation\":{\"total\":0.0,\"type\":\"none\"},\"cloud_cover\":55},\"hourly\":null,\"daily\":null}]","file_name":"rest.go","function_name":"rest.rest.Call.func1","line":77,"ID":"bIP9Cgtd"}
[31mERROR[0m: {"time_stamp":"2024-07-25 14:22:52","message":"pq: syntax error at or near \"name\"","file_name":"weather.go","function_name":"repository.(*weatherRepository).SaveNewCoordinate","line":70,"ID":"bIP9Cgtd"}
[31mERROR[0m: {"time_stamp":"2024-07-25 14:22:52","message":"pq: syntax error at or near \"name\"","file_name":"weather.go","function_name":"usecase.(*weatherUsecase).SaveNewCoordinate","line":128,"ID":"bIP9Cgtd"}
[31mERROR[0m: {"time_stamp":"2024-07-25 14:22:52","message":"pq: syntax error at or near \"name\"","file_name":"weather.go","function_name":"handler.weatherHandler.SaveNewCoordinate","line":38,"ID":"bIP9Cgtd"}
[32mINFO[0m: {"time_stamp":"2024-07-25 14:23:59","message":"Database connected","file_name":"postgres.go","function_name":"postgres.NewDb","line":36,"ID":null}
[32mINFO[0m: {"time_stamp":"2024-07-25 14:23:59","message":"Redis connected","file_name":"redis.go","function_name":"redis.NewRedisClient","line":27,"ID":null}
[32mINFO[0m: {"time_stamp":"2024-07-25 14:24:23","message":"map[request:\u0026{Method:GET URL:https://www.meteosource.com//api/v1/free/point?key=wobdjzm7susuborwhjtshwa262jjj18rlf5j9r4l\u0026language=en\u0026lat=-6.2049323629729605\u0026lon=106.80407555586923\u0026sections=current\u0026timezone=Asia%2FJakarta\u0026units=auto Proto:HTTP/1.1 ProtoMajor:1 ProtoMinor:1 Header:map[] Body:{} GetBody:0x702fe0 ContentLength:0 TransferEncoding:[] Close:false Host:www.meteosource.com Form:map[] PostForm:map[] MultipartForm:\u003cnil\u003e Trailer:map[] RemoteAddr: RequestURI: TLS:\u003cnil\u003e Cancel:\u003cnil\u003e Response:\u003cnil\u003e ctx:0xc000363dc0 pat:\u003cnil\u003e matches:[] otherValues:map[]} response:{Status:200 Headers:map[Cache-Control:[private] Content-Type:[application/json] Date:[Thu, 25 Jul 2024 07:24:22 GMT] Expires:[Thu, 25 Jul 2024 07:30:00 GMT] Server:[nginx/1.24.0] Set-Cookie:[HCLBSTICKY=0912dce53ce1d494c0771a3a33ebbf83|ZqH9q|ZqH9q; path=/] X-Cache-Status:[HIT] X-Request-Time:[0.001]] Body:[123 34 108 97 116 34 58 34 54 46 50 48 52 57 51 50 51 54 50 57 55 50 57 54 48 53 83 34 44 34 108 111 110 34 58 34 49 48 54 46 56 48 52 48 55 53 53 53 53 56 54 57 50 51 69 34 44 34 101 108 101 118 97 116 105 111 110 34 58 49 52 44 34 116 105 109 101 122 111 110 101 34 58 34 65 115 105 97 47 74 97 107 97 114 116 97 34 44 34 117 110 105 116 115 34 58 34 109 101 116 114 105 99 34 44 34 99 117 114 114 101 110 116 34 58 123 34 105 99 111 110 34 58 34 109 111 115 116 108 121 95 99 108 111 117 100 121 34 44 34 105 99 111 110 95 110 117 109 34 58 53 44 34 115 117 109 109 97 114 121 34 58 34 77 111 115 116 108 121 32 99 108 111 117 100 121 34 44 34 116 101 109 112 101 114 97 116 117 114 101 34 58 51 51 46 53 44 34 119 105 110 100 34 58 123 34 115 112 101 101 100 34 58 50 46 55 44 34 97 110 103 108 101 34 58 51 44 34 100 105 114 34 58 34 78 34 125 44 34 112 114 101 99 105 112 105 116 97 116 105 111 110 34 58 123 34 116 111 116 97 108 34 58 48 46 48 44 34 116 121 112 101 34 58 34 110 111 110 101 34 125 44 34 99 108 111 117 100 95 99 111 118 101 114 34 58 53 53 125 44 34 104 111 117 114 108 121 34 58 110 117 108 108 44 34 100 97 105 108 121 34 58 110 117 108 108 125]} response body:{\"lat\":\"6.2049323629729605S\",\"lon\":\"106.80407555586923E\",\"elevation\":14,\"timezone\":\"Asia/Jakarta\",\"units\":\"metric\",\"current\":{\"icon\":\"mostly_cloudy\",\"icon_num\":5,\"summary\":\"Mostly cloudy\",\"temperature\":33.5,\"wind\":{\"speed\":2.7,\"angle\":3,\"dir\":\"N\"},\"precipitation\":{\"total\":0.0,\"type\":\"none\"},\"cloud_cover\":55},\"hourly\":null,\"daily\":null}]","file_name":"rest.go","function_name":"rest.rest.Call.func1","line":77,"ID":"ivmHiM48"}
[32mINFO[0m: {"time_stamp":"2024-07-25 14:24:23","message":"success insert, 1","file_name":"weather.go","function_name":"repository.(*weatherRepository).SaveNewCoordinate","line":93,"ID":"ivmHiM48"}
[32mINFO[0m: {"time_stamp":"2024-07-25 14:28:59","message":"SCHEDULLER START : weather","file_name":"weather.go","function_name":"scheduller.(*scheduller).RunWeather","line":53,"ID":null}
[31mERROR[0m: {"time_stamp":"2024-07-25 14:28:59","message":"pq: column \"latiitude\" does not exist","file_name":"weather.go","function_name":"scheduller.(*scheduller).RunWeather","line":59,"ID":null}
[32mINFO[0m: {"time_stamp":"2024-07-25 14:32:25","message":"Database connected","file_name":"postgres.go","function_name":"postgres.NewDb","line":36,"ID":null}
[32mINFO[0m: {"time_stamp":"2024-07-25 14:32:25","message":"Redis connected","file_name":"redis.go","function_name":"redis.NewRedisClient","line":27,"ID":null}
[32mINFO[0m: {"time_stamp":"2024-07-25 14:36:32","message":"Database connected","file_name":"postgres.go","function_name":"postgres.NewDb","line":36,"ID":null}
[32mINFO[0m: {"time_stamp":"2024-07-25 14:36:32","message":"Redis connected","file_name":"redis.go","function_name":"redis.NewRedisClient","line":27,"ID":null}
[32mINFO[0m: {"time_stamp":"2024-07-25 14:39:54","message":"Database connected","file_name":"postgres.go","function_name":"postgres.NewDb","line":36,"ID":null}
[32mINFO[0m: {"time_stamp":"2024-07-25 14:39:54","message":"Redis connected","file_name":"redis.go","function_name":"redis.NewRedisClient","line":27,"ID":null}
[32mINFO[0m: {"time_stamp":"2024-07-25 14:44:36","message":"Database connected","file_name":"postgres.go","function_name":"postgres.NewDb","line":36,"ID":null}
[32mINFO[0m: {"time_stamp":"2024-07-25 14:44:36","message":"Redis connected","file_name":"redis.go","function_name":"redis.NewRedisClient","line":27,"ID":null}
[32mINFO[0m: {"time_stamp":"2024-07-25 14:46:48","message":"Database connected","file_name":"postgres.go","function_name":"postgres.NewDb","line":36,"ID":null}
[32mINFO[0m: {"time_stamp":"2024-07-25 14:46:48","message":"Redis connected","file_name":"redis.go","function_name":"redis.NewRedisClient","line":27,"ID":null}
[32mINFO[0m: {"time_stamp":"2024-07-25 14:49:06","message":"Database connected","file_name":"postgres.go","function_name":"postgres.NewDb","line":36,"ID":null}
[32mINFO[0m: {"time_stamp":"2024-07-25 14:49:06","message":"Redis connected","file_name":"redis.go","function_name":"redis.NewRedisClient","line":27,"ID":null}
[32mINFO[0m: {"time_stamp":"2024-07-25 15:01:36","message":"Database connected","file_name":"postgres.go","function_name":"postgres.NewDb","line":36,"ID":null}
[32mINFO[0m: {"time_stamp":"2024-07-25 15:01:36","message":"Redis connected","file_name":"redis.go","function_name":"redis.NewRedisClient","line":27,"ID":null}
[32mINFO[0m: {"time_stamp":"2024-07-25 15:02:55","message":"Database connected","file_name":"postgres.go","function_name":"postgres.NewDb","line":36,"ID":null}
[32mINFO[0m: {"time_stamp":"2024-07-25 15:02:55","message":"Redis connected","file_name":"redis.go","function_name":"redis.NewRedisClient","line":27,"ID":null}
[32mINFO[0m: {"time_stamp":"2024-07-25 15:04:50","message":"Database connected","file_name":"postgres.go","function_name":"postgres.NewDb","line":36,"ID":null}
[32mINFO[0m: {"time_stamp":"2024-07-25 15:04:50","message":"Redis connected","file_name":"redis.go","function_name":"redis.NewRedisClient","line":27,"ID":null}
[32mINFO[0m: {"time_stamp":"2024-07-25 15:11:12","message":"Database connected","file_name":"postgres.go","function_name":"postgres.NewDb","line":36,"ID":null}
[32mINFO[0m: {"time_stamp":"2024-07-25 15:11:12","message":"Redis connected","file_name":"redis.go","function_name":"redis.NewRedisClient","line":27,"ID":null}
[32mINFO[0m: {"time_stamp":"2024-07-25 15:12:51","message":"Database connected","file_name":"postgres.go","function_name":"postgres.NewDb","line":36,"ID":null}
[32mINFO[0m: {"time_stamp":"2024-07-25 15:12:51","message":"Redis connected","file_name":"redis.go","function_name":"redis.NewRedisClient","line":27,"ID":null}
[32mINFO[0m: {"time_stamp":"2024-07-25 15:23:47","message":"Database connected","file_name":"postgres.go","function_name":"postgres.NewDb","line":36,"ID":null}
[32mINFO[0m: {"time_stamp":"2024-07-25 15:23:47","message":"Redis connected","file_name":"redis.go","function_name":"redis.NewRedisClient","line":27,"ID":null}
[32mINFO[0m: {"time_stamp":"2024-07-25 15:56:00","message":"Database connected","file_name":"postgres.go","function_name":"postgres.NewDb","line":36,"ID":null}
[32mINFO[0m: {"time_stamp":"2024-07-25 15:56:00","message":"Redis connected","file_name":"redis.go","function_name":"redis.NewRedisClient","line":27,"ID":null}
[32mINFO[0m: {"time_stamp":"2024-07-25 16:01:39","message":"Database connected","file_name":"postgres.go","function_name":"postgres.NewDb","line":36,"ID":null}
[32mINFO[0m: {"time_stamp":"2024-07-25 16:01:39","message":"Redis connected","file_name":"redis.go","function_name":"redis.NewRedisClient","line":27,"ID":null}
[32mINFO[0m: {"time_stamp":"2024-07-25 16:03:20","message":"Database connected","file_name":"postgres.go","function_name":"postgres.NewDb","line":36,"ID":null}
[32mINFO[0m: {"time_stamp":"2024-07-25 16:03:20","message":"Redis connected","file_name":"redis.go","function_name":"redis.NewRedisClient","line":27,"ID":null}
[32mINFO[0m: {"time_stamp":"2024-07-25 16:06:22","message":"Database connected","file_name":"postgres.go","function_name":"postgres.NewDb","line":36,"ID":null}
[32mINFO[0m: {"time_stamp":"2024-07-25 16:06:22","message":"Redis connected","file_name":"redis.go","function_name":"redis.NewRedisClient","line":27,"ID":null}
[32mINFO[0m: {"time_stamp":"2024-07-25 16:06:56","message":"Database connected","file_name":"postgres.go","function_name":"postgres.NewDb","line":36,"ID":null}
[32mINFO[0m: {"time_stamp":"2024-07-25 16:06:56","message":"Redis connected","file_name":"redis.go","function_name":"redis.NewRedisClient","line":27,"ID":null}
[31mERROR[0m: {"time_stamp":"2024-07-25 16:06:59","message":"record not found","file_name":"weather.go","function_name":"usecase.(*weatherUsecase).GetWeatherByName","line":164,"ID":"EZoeP0QT"}
[31mERROR[0m: {"time_stamp":"2024-07-25 16:06:59","message":"record not found","file_name":"weather.go","function_name":"handler.weatherHandler.GetWeatherByName","line":54,"ID":"EZoeP0QT"}
[31mERROR[0m: {"time_stamp":"2024-07-25 16:07:23","message":"record not found","file_name":"weather.go","function_name":"usecase.(*weatherUsecase).GetWeatherByName","line":164,"ID":"EtbJhH5w"}
[31mERROR[0m: {"time_stamp":"2024-07-25 16:07:23","message":"record not found","file_name":"weather.go","function_name":"handler.weatherHandler.GetWeatherByName","line":54,"ID":"EtbJhH5w"}
[32mINFO[0m: {"time_stamp":"2024-07-25 16:19:27","message":"map[request:\u0026{Method:GET URL:https://www.meteosource.com//api/v1/free/point?key=wobdjzm7susuborwhjtshwa262jjj18rlf5j9r4l\u0026language=en\u0026lat=-6.197916477340127\u0026lon=106.80754234300404\u0026sections=current\u0026timezone=Asia%2FJakarta\u0026units=auto Proto:HTTP/1.1 ProtoMajor:1 ProtoMinor:1 Header:map[] Body:{} GetBody:0x7036c0 ContentLength:0 TransferEncoding:[] Close:false Host:www.meteosource.com Form:map[] PostForm:map[] MultipartForm:\u003cnil\u003e Trailer:map[] RemoteAddr: RequestURI: TLS:\u003cnil\u003e Cancel:\u003cnil\u003e Response:\u003cnil\u003e ctx:0xc000186a10 pat:\u003cnil\u003e matches:[] otherValues:map[]} response:{Status:200 Headers:map[Cache-Control:[private] Content-Type:[application/json] Date:[Thu, 25 Jul 2024 09:19:27 GMT] Expires:[Thu, 25 Jul 2024 09:30:00 GMT] Server:[nginx/1.24.0] Set-Cookie:[HCLBSTICKY=7f1aab70544475f31df991214bd4e67c|ZqIYo|ZqIYo; path=/] X-Cache-Status:[MISS] X-Request-Time:[0.027]] Body:[123 34 108 97 116 34 58 34 54 46 49 57 55 57 49 54 52 55 55 51 52 48 49 50 55 83 34 44 34 108 111 110 34 58 34 49 48 54 46 56 48 55 53 52 50 51 52 51 48 48 52 48 52 69 34 44 34 101 108 101 118 97 116 105 111 110 34 58 49 50 44 34 116 105 109 101 122 111 110 101 34 58 34 65 115 105 97 47 74 97 107 97 114 116 97 34 44 34 117 110 105 116 115 34 58 34 109 101 116 114 105 99 34 44 34 99 117 114 114 101 110 116 34 58 123 34 105 99 111 110 34 58 34 109 111 115 116 108 121 95 115 117 110 110 121 34 44 34 105 99 111 110 95 110 117 109 34 58 51 44 34 115 117 109 109 97 114 121 34 58 34 77 111 115 116 108 121 32 115 117 110 110 121 34 44 34 116 101 109 112 101 114 97 116 117 114 101 34 58 51 49 46 56 44 34 119 105 110 100 34 58 123 34 115 112 101 101 100 34 58 51 46 55 44 34 97 110 103 108 101 34 58 51 53 52 44 34 100 105 114 34 58 34 78 34 125 44 34 112 114 101 99 105 112 105 116 97 116 105 111 110 34 58 123 34 116 111 116 97 108 34 58 48 46 48 44 34 116 121 112 101 34 58 34 110 111 110 101 34 125 44 34 99 108 111 117 100 95 99 111 118 101 114 34 58 49 48 125 44 34 104 111 117 114 108 121 34 58 110 117 108 108 44 34 100 97 105 108 121 34 58 110 117 108 108 125]} response body:{\"lat\":\"6.197916477340127S\",\"lon\":\"106.80754234300404E\",\"elevation\":12,\"timezone\":\"Asia/Jakarta\",\"units\":\"metric\",\"current\":{\"icon\":\"mostly_sunny\",\"icon_num\":3,\"summary\":\"Mostly sunny\",\"temperature\":31.8,\"wind\":{\"speed\":3.7,\"angle\":354,\"dir\":\"N\"},\"precipitation\":{\"total\":0.0,\"type\":\"none\"},\"cloud_cover\":10},\"hourly\":null,\"daily\":null}]","file_name":"rest.go","function_name":"rest.rest.Call.func1","line":77,"ID":"erMCqYXR"}
[32mINFO[0m: {"time_stamp":"2024-07-25 16:19:27","message":"success insert, 1","file_name":"weather.go","function_name":"repository.(*weatherRepository).SaveNewCoordinate","line":93,"ID":"erMCqYXR"}
[32mINFO[0m: {"time_stamp":"2024-07-25 16:21:11","message":"Database connected","file_name":"postgres.go","function_name":"postgres.NewDb","line":36,"ID":null}
[32mINFO[0m: {"time_stamp":"2024-07-25 16:21:11","message":"Redis connected","file_name":"redis.go","function_name":"redis.NewRedisClient","line":27,"ID":null}
[32mINFO[0m: {"time_stamp":"2024-07-25 16:22:29","message":"Database connected","file_name":"postgres.go","function_name":"postgres.NewDb","line":36,"ID":null}
[32mINFO[0m: {"time_stamp":"2024-07-25 16:22:29","message":"Redis connected","file_name":"redis.go","function_name":"redis.NewRedisClient","line":27,"ID":null}
[32mINFO[0m: {"time_stamp":"2024-07-25 16:25:16","message":"Database connected","file_name":"postgres.go","function_name":"postgres.NewDb","line":36,"ID":null}
[32mINFO[0m: {"time_stamp":"2024-07-25 16:25:16","message":"Redis connected","file_name":"redis.go","function_name":"redis.NewRedisClient","line":27,"ID":null}
[32mINFO[0m: {"time_stamp":"2024-07-25 16:28:33","message":"Database connected","file_name":"postgres.go","function_name":"postgres.NewDb","line":36,"ID":null}
[32mINFO[0m: {"time_stamp":"2024-07-25 16:28:33","message":"Redis connected","file_name":"redis.go","function_name":"redis.NewRedisClient","line":27,"ID":null}
[32mINFO[0m: {"time_stamp":"2024-07-25 16:30:01","message":"Database connected","file_name":"postgres.go","function_name":"postgres.NewDb","line":36,"ID":null}
[32mINFO[0m: {"time_stamp":"2024-07-25 16:30:01","message":"Redis connected","file_name":"redis.go","function_name":"redis.NewRedisClient","line":27,"ID":null}
[32mINFO[0m: {"time_stamp":"2024-07-25 18:19:34","message":"Database connected","file_name":"postgres.go","function_name":"postgres.NewDb","line":36,"ID":null}
[32mINFO[0m: {"time_stamp":"2024-07-25 18:19:34","message":"Redis connected","file_name":"redis.go","function_name":"redis.NewRedisClient","line":27,"ID":null}
